<?xml version="1.0" encoding="UTF-8"?>
<!-- Generated by org.testng.reporters.JUnitReportReporter -->
<testsuite hostname="IN-380D5S3" failures="0" tests="1" name="tests.TravelTestPage" time="17.874" errors="0" timestamp="2024-07-04T17:04:21 IST" skipped="0">
  <testcase classname="tests.TravelTestPage" name="testTravelPage" time="17.874"/>
</testsuite> <!-- tests.TravelTestPage -->
