<?xml version="1.0" encoding="UTF-8"?>
<!-- Generated by org.testng.reporters.JUnitReportReporter -->
<testsuite hostname="IN-380D5S3" failures="0" tests="5" name="tests.TestScenario3" time="88.072" errors="0" timestamp="2024-07-04T17:04:21 IST" skipped="0">
  <testcase classname="tests.TestScenario3" name="testShopsy" time="17.638"/>
  <testcase classname="tests.TestScenario3" name="testNotification" time="20.020"/>
  <testcase classname="tests.TestScenario3" name="testMyntraPage" time="11.982"/>
  <testcase classname="tests.TestScenario3" name="testTermsOfUseLink" time="19.258"/>
  <testcase classname="tests.TestScenario3" name="testOfferZone" time="19.174"/>
</testsuite> <!-- tests.TestScenario3 -->
